go run: pattern cmd matches multiple packages:
	cmd/addr2line
	cmd/api
	cmd/asm
	cmd/asm/internal/arch
	cmd/asm/internal/asm
	cmd/asm/internal/flags
	cmd/asm/internal/lex
	cmd/buildid
	cmd/cgo
	cmd/compile
	cmd/compile/internal/amd64
	cmd/compile/internal/arm
	cmd/compile/internal/arm64
	cmd/compile/internal/gc
	cmd/compile/internal/logopt
	cmd/compile/internal/mips
	cmd/compile/internal/mips64
	cmd/compile/internal/ppc64
	cmd/compile/internal/riscv64
	cmd/compile/internal/s390x
	cmd/compile/internal/ssa
	cmd/compile/internal/syntax
	cmd/compile/internal/test
	cmd/compile/internal/types
	cmd/compile/internal/wasm
	cmd/compile/internal/x86
	cmd/cover
	cmd/dist
	cmd/doc
	cmd/fix
	cmd/go
	cmd/go/internal/auth
	cmd/go/internal/base
	cmd/go/internal/bug
	cmd/go/internal/cache
	cmd/go/internal/cfg
	cmd/go/internal/clean
	cmd/go/internal/cmdflag
	cmd/go/internal/doc
	cmd/go/internal/envcmd
	cmd/go/internal/fix
	cmd/go/internal/fmtcmd
	cmd/go/internal/fsys
	cmd/go/internal/generate
	cmd/go/internal/get
	cmd/go/internal/help
	cmd/go/internal/imports
	cmd/go/internal/list
	cmd/go/internal/load
	cmd/go/internal/lockedfile
	cmd/go/internal/lockedfile/internal/filelock
	cmd/go/internal/modcmd
	cmd/go/internal/modconv
	cmd/go/internal/modfetch
	cmd/go/internal/modfetch/codehost
	cmd/go/internal/modfetch/zip_sum_test
	cmd/go/internal/modget
	cmd/go/internal/modinfo
	cmd/go/internal/modload
	cmd/go/internal/mvs
	cmd/go/internal/par
	cmd/go/internal/renameio
	cmd/go/internal/robustio
	cmd/go/internal/run
	cmd/go/internal/search
	cmd/go/internal/str
	cmd/go/internal/test
	cmd/go/internal/tool
	cmd/go/internal/trace
	cmd/go/internal/txtar
	cmd/go/internal/vcs
	cmd/go/internal/version
	cmd/go/internal/vet
	cmd/go/internal/web
	cmd/go/internal/work
	cmd/gofmt
	cmd/internal/archive
	cmd/internal/bio
	cmd/internal/browser
	cmd/internal/buildid
	cmd/internal/codesign
	cmd/internal/diff
	cmd/internal/dwarf
	cmd/internal/edit
	cmd/internal/gcprog
	cmd/internal/goobj
	cmd/internal/moddeps
	cmd/internal/obj
	cmd/internal/obj/arm
	cmd/internal/obj/arm64
	cmd/internal/obj/mips
	cmd/internal/obj/ppc64
	cmd/internal/obj/riscv
	cmd/internal/obj/s390x
	cmd/internal/obj/wasm
	cmd/internal/obj/x86
	cmd/internal/objabi
	cmd/internal/objfile
	cmd/internal/pkgpath
	cmd/internal/src
	cmd/internal/sys
	cmd/internal/test2json
	cmd/internal/traceviewer
	cmd/link
	cmd/link/internal/amd64
	cmd/link/internal/arm
	cmd/link/internal/arm64
	cmd/link/internal/benchmark
	cmd/link/internal/ld
	cmd/link/internal/loadelf
	cmd/link/internal/loader
	cmd/link/internal/loadmacho
	cmd/link/internal/loadpe
	cmd/link/internal/loadxcoff
	cmd/link/internal/mips
	cmd/link/internal/mips64
	cmd/link/internal/ppc64
	cmd/link/internal/riscv64
	cmd/link/internal/s390x
	cmd/link/internal/sym
	cmd/link/internal/wasm
	cmd/link/internal/x86
	cmd/nm
	cmd/objdump
	cmd/pack
	cmd/pprof
	cmd/test2json
	cmd/trace
	cmd/vendor/github.com/google/pprof/driver
	cmd/vendor/github.com/google/pprof/internal/binutils
	cmd/vendor/github.com/google/pprof/internal/driver
	cmd/vendor/github.com/google/pprof/internal/elfexec
	cmd/vendor/github.com/google/pprof/internal/graph
	cmd/vendor/github.com/google/pprof/internal/measurement
	cmd/vendor/github.com/google/pprof/internal/plugin
	cmd/vendor/github.com/google/pprof/internal/report
	cmd/vendor/github.com/google/pprof/internal/symbolizer
	cmd/vendor/github.com/google/pprof/internal/symbolz
	cmd/vendor/github.com/google/pprof/internal/transport
	cmd/vendor/github.com/google/pprof/profile
	cmd/vendor/github.com/google/pprof/third_party/d3
	cmd/vendor/github.com/google/pprof/third_party/d3flamegraph
	cmd/vendor/github.com/google/pprof/third_party/svgpan
	cmd/vendor/github.com/ianlancetaylor/demangle
	cmd/vendor/golang.org/x/arch/arm/armasm
	cmd/vendor/golang.org/x/arch/arm64/arm64asm
	cmd/vendor/golang.org/x/arch/ppc64/ppc64asm
	cmd/vendor/golang.org/x/arch/x86/x86asm
	cmd/vendor/golang.org/x/crypto/ed25519
	cmd/vendor/golang.org/x/crypto/ed25519/internal/edwards25519
	cmd/vendor/golang.org/x/crypto/ssh/terminal
	cmd/vendor/golang.org/x/mod/internal/lazyregexp
	cmd/vendor/golang.org/x/mod/modfile
	cmd/vendor/golang.org/x/mod/module
	cmd/vendor/golang.org/x/mod/semver
	cmd/vendor/golang.org/x/mod/sumdb
	cmd/vendor/golang.org/x/mod/sumdb/dirhash
	cmd/vendor/golang.org/x/mod/sumdb/note
	cmd/vendor/golang.org/x/mod/sumdb/tlog
	cmd/vendor/golang.org/x/mod/zip
	cmd/vendor/golang.org/x/sys/internal/unsafeheader
	cmd/vendor/golang.org/x/sys/unix
	cmd/vendor/golang.org/x/tools/go/analysis
	cmd/vendor/golang.org/x/tools/go/analysis/internal/analysisflags
	cmd/vendor/golang.org/x/tools/go/analysis/internal/facts
	cmd/vendor/golang.org/x/tools/go/analysis/passes/asmdecl
	cmd/vendor/golang.org/x/tools/go/analysis/passes/assign
	cmd/vendor/golang.org/x/tools/go/analysis/passes/atomic
	cmd/vendor/golang.org/x/tools/go/analysis/passes/bools
	cmd/vendor/golang.org/x/tools/go/analysis/passes/buildtag
	cmd/vendor/golang.org/x/tools/go/analysis/passes/cgocall
	cmd/vendor/golang.org/x/tools/go/analysis/passes/composite
	cmd/vendor/golang.org/x/tools/go/analysis/passes/copylock
	cmd/vendor/golang.org/x/tools/go/analysis/passes/ctrlflow
	cmd/vendor/golang.org/x/tools/go/analysis/passes/errorsas
	cmd/vendor/golang.org/x/tools/go/analysis/passes/framepointer
	cmd/vendor/golang.org/x/tools/go/analysis/passes/httpresponse
	cmd/vendor/golang.org/x/tools/go/analysis/passes/ifaceassert
	cmd/vendor/golang.org/x/tools/go/analysis/passes/inspect
	cmd/vendor/golang.org/x/tools/go/analysis/passes/internal/analysisutil
	cmd/vendor/golang.org/x/tools/go/analysis/passes/loopclosure
	cmd/vendor/golang.org/x/tools/go/analysis/passes/lostcancel
	cmd/vendor/golang.org/x/tools/go/analysis/passes/nilfunc
	cmd/vendor/golang.org/x/tools/go/analysis/passes/printf
	cmd/vendor/golang.org/x/tools/go/analysis/passes/shift
	cmd/vendor/golang.org/x/tools/go/analysis/passes/stdmethods
	cmd/vendor/golang.org/x/tools/go/analysis/passes/stringintconv
	cmd/vendor/golang.org/x/tools/go/analysis/passes/structtag
	cmd/vendor/golang.org/x/tools/go/analysis/passes/testinggoroutine
	cmd/vendor/golang.org/x/tools/go/analysis/passes/tests
	cmd/vendor/golang.org/x/tools/go/analysis/passes/unmarshal
	cmd/vendor/golang.org/x/tools/go/analysis/passes/unreachable
	cmd/vendor/golang.org/x/tools/go/analysis/passes/unsafeptr
	cmd/vendor/golang.org/x/tools/go/analysis/passes/unusedresult
	cmd/vendor/golang.org/x/tools/go/analysis/unitchecker
	cmd/vendor/golang.org/x/tools/go/ast/astutil
	cmd/vendor/golang.org/x/tools/go/ast/inspector
	cmd/vendor/golang.org/x/tools/go/cfg
	cmd/vendor/golang.org/x/tools/go/types/objectpath
	cmd/vendor/golang.org/x/tools/go/types/typeutil
	cmd/vendor/golang.org/x/tools/internal/analysisinternal
	cmd/vendor/golang.org/x/tools/internal/lsp/fuzzy
	cmd/vendor/golang.org/x/xerrors
	cmd/vendor/golang.org/x/xerrors/internal
	cmd/vet
nohup: .cmd: No such file or directory
[GIN-debug] [WARNING] Creating an Engine instance with the Logger and Recovery middleware already attached.

[GIN-debug] [WARNING] Running in "debug" mode. Switch to "release" mode in production.
 - using env:	export GIN_MODE=release
 - using code:	gin.SetMode(gin.ReleaseMode)

&{true https://currencylayer.com/terms https://currencylayer.com/privacy 1652170323 USD map[USDAED:3.673035 USDAFN:86.045642 USDALL:114.138233 USDAMD:462.92271 USDANG:1.800014 USDAOA:402.993499 USDARS:116.754992 USDAUD:1.439222 USDAWG:1.7955 USDAZN:1.703045 USDBAM:1.852366 USDBBD:2.016603 USDBDT:86.614923 USDBGN:1.852575 USDBHD:0.376964 USDBIF:2051.703644 USDBMD:1 USDBND:1.390111 USDBOB:6.856374 USDBRL:5.162897 USDBSD:0.998736 USDBTC:3.1449391e-05 USDBTN:77.381598 USDBWP:12.239907 USDBYN:3.372402 USDBYR:19600 USDBZD:2.013193 USDCAD:1.30074 USDCDF:2022.000065 USDCHF:0.99279 USDCLF:0.031485 USDCLP:868.760083 USDCNY:6.721298 USDCOP:4087.33 USDCRC:663.803106 USDCUC:1 USDCUP:26.5 USDCVE:104.433931 USDCZK:23.582901 USDDJF:177.802403 USDDKK:7.03938 USDDOP:55.21337 USDDZD:145.73104 USDEGP:18.514701 USDERN:15.000002 USDETB:51.36809 USDEUR:0.94635 USDFJD:2.18395 USDFKP:0.768642 USDGBP:0.811392 USDGEL:3.030188 USDGGP:0.768642 USDGHS:7.515568 USDGIP:0.768642 USDGMD:53.698524 USDGNF:8839.449346 USDGTQ:7.65792 USDGYD:208.896276 USDHKD:7.84957 USDHNL:24.517553 USDHRK:7.1278 USDHTG:110.862122 USDHUF:358.239733 USDIDR:14542.65 USDILS:3.43972 USDIMP:0.768642 USDINR:77.35602 USDIQD:1457.657137 USDIRR:42299.999735 USDISK:131.829879 USDJEP:0.768642 USDJMD:154.310177 USDJOD:0.709011 USDJPY:130.307018 USDKES:116.030011 USDKGS:82.101396 USDKHR:4060.426681 USDKMF:467.125004 USDKPW:900.000119 USDKRW:1276.839884 USDKWD:0.30674 USDKYD:0.832335 USDKZT:438.795467 USDLAK:12442.853287 USDLBP:1510.084436 USDLKR:359.537996 USDLRD:151.498617 USDLSL:16.158051 USDLTL:2.95274 USDLVL:0.60489 USDLYD:4.791468 USDMAD:10.01899 USDMDL:18.727547 USDMGA:4038.481756 USDMKD:58.356656 USDMMK:1849.185337 USDMNT:2994.863198 USDMOP:8.07522 USDMRO:356.999828 USDMUR:43.202165 USDMVR:15.449934 USDMWK:815.942036 USDMXN:20.36709 USDMYR:4.384001 USDMZN:63.829664 USDNAD:16.179928 USDNGN:415.302143 USDNIO:35.770471 USDNOK:9.68457 USDNPR:123.815703 USDNZD:1.58412 USDOMR:0.385005 USDPAB:0.998736 USDPEN:3.808514 USDPGK:3.519868 USDPHP:52.385497 USDPKR:187.991476 USDPLN:4.422301 USDPYG:6827.960808 USDQAR:3.64103 USDRON:4.680603 USDRSD:111.249725 USDRUB:68.591003 USDRWF:1021.220172 USDSAR:3.751059 USDSBD:8.074316 USDSCR:13.30097 USDSDG:453.500532 USDSEK:10.05524 USDSGD:1.389465 USDSHP:1.377405 USDSLL:12705.000093 USDSOS:584.000021 USDSRD:20.905499 USDSTD:20697.981008 USDSVC:8.738972 USDSYP:2512.449491 USDSZL:16.178439 USDTHB:34.573499 USDTJS:12.494376 USDTMT:3.5 USDTND:3.05803 USDTOP:2.33305 USDTRY:15.20343 USDTTD:6.779533 USDTWD:29.689299 USDTZS:2324.999467 USDUAH:30.212488 USDUGX:3575.558681 USDUSD:1 USDUYU:41.453839 USDUZS:11102.104989 USDVEF:2.1383022233807285e+11 USDVND:22940 USDVUV:112.581651 USDWST:2.585442 USDXAF:621.274359 USDXAG:0.045591 USDXAU:0.000538 USDXCD:2.70255 USDXDR:0.744631 USDXOF:621.268475 USDXPF:113.291655 USDYER:250.249469 USDZAR:16.1342 USDZMK:9001.198233 USDZMW:17.003698 USDZWL:321.999592]}
[GIN-debug] POST   /v1/currency/live         --> go-currency/http.getCurrencyLive (4 handlers)
[GIN-debug] [WARNING] You trusted all proxies, this is NOT safe. We recommend you to set a value.
Please check https://pkg.go.dev/github.com/gin-gonic/gin#readme-don-t-trust-all-proxies for details.
[GIN-debug] Environment variable PORT is undefined. Using port :8080 by default
[GIN-debug] Listening and serving HTTP on :8080
1652170776 1652170776
[GIN] 2022/05/10 - 16:39:11 | 200 |     980.839µs |             ::1 | POST     "/v1/currency/live"
[GIN-debug] [WARNING] Creating an Engine instance with the Logger and Recovery middleware already attached.

[GIN-debug] [WARNING] Running in "debug" mode. Switch to "release" mode in production.
 - using env:	export GIN_MODE=release
 - using code:	gin.SetMode(gin.ReleaseMode)

&{true https://currencylayer.com/terms https://currencylayer.com/privacy 1652170323 USD map[USDAED:3.673035 USDAFN:86.045642 USDALL:114.138233 USDAMD:462.92271 USDANG:1.800014 USDAOA:402.993499 USDARS:116.754992 USDAUD:1.439222 USDAWG:1.7955 USDAZN:1.703045 USDBAM:1.852366 USDBBD:2.016603 USDBDT:86.614923 USDBGN:1.852575 USDBHD:0.376964 USDBIF:2051.703644 USDBMD:1 USDBND:1.390111 USDBOB:6.856374 USDBRL:5.162897 USDBSD:0.998736 USDBTC:3.1449391e-05 USDBTN:77.381598 USDBWP:12.239907 USDBYN:3.372402 USDBYR:19600 USDBZD:2.013193 USDCAD:1.30074 USDCDF:2022.000065 USDCHF:0.99279 USDCLF:0.031485 USDCLP:868.760083 USDCNY:6.721298 USDCOP:4087.33 USDCRC:663.803106 USDCUC:1 USDCUP:26.5 USDCVE:104.433931 USDCZK:23.582901 USDDJF:177.802403 USDDKK:7.03938 USDDOP:55.21337 USDDZD:145.73104 USDEGP:18.514701 USDERN:15.000002 USDETB:51.36809 USDEUR:0.94635 USDFJD:2.18395 USDFKP:0.768642 USDGBP:0.811392 USDGEL:3.030188 USDGGP:0.768642 USDGHS:7.515568 USDGIP:0.768642 USDGMD:53.698524 USDGNF:8839.449346 USDGTQ:7.65792 USDGYD:208.896276 USDHKD:7.84957 USDHNL:24.517553 USDHRK:7.1278 USDHTG:110.862122 USDHUF:358.239733 USDIDR:14542.65 USDILS:3.43972 USDIMP:0.768642 USDINR:77.35602 USDIQD:1457.657137 USDIRR:42299.999735 USDISK:131.829879 USDJEP:0.768642 USDJMD:154.310177 USDJOD:0.709011 USDJPY:130.307018 USDKES:116.030011 USDKGS:82.101396 USDKHR:4060.426681 USDKMF:467.125004 USDKPW:900.000119 USDKRW:1276.839884 USDKWD:0.30674 USDKYD:0.832335 USDKZT:438.795467 USDLAK:12442.853287 USDLBP:1510.084436 USDLKR:359.537996 USDLRD:151.498617 USDLSL:16.158051 USDLTL:2.95274 USDLVL:0.60489 USDLYD:4.791468 USDMAD:10.01899 USDMDL:18.727547 USDMGA:4038.481756 USDMKD:58.356656 USDMMK:1849.185337 USDMNT:2994.863198 USDMOP:8.07522 USDMRO:356.999828 USDMUR:43.202165 USDMVR:15.449934 USDMWK:815.942036 USDMXN:20.36709 USDMYR:4.384001 USDMZN:63.829664 USDNAD:16.179928 USDNGN:415.302143 USDNIO:35.770471 USDNOK:9.68457 USDNPR:123.815703 USDNZD:1.58412 USDOMR:0.385005 USDPAB:0.998736 USDPEN:3.808514 USDPGK:3.519868 USDPHP:52.385497 USDPKR:187.991476 USDPLN:4.422301 USDPYG:6827.960808 USDQAR:3.64103 USDRON:4.680603 USDRSD:111.249725 USDRUB:68.591003 USDRWF:1021.220172 USDSAR:3.751059 USDSBD:8.074316 USDSCR:13.30097 USDSDG:453.500532 USDSEK:10.05524 USDSGD:1.389465 USDSHP:1.377405 USDSLL:12705.000093 USDSOS:584.000021 USDSRD:20.905499 USDSTD:20697.981008 USDSVC:8.738972 USDSYP:2512.449491 USDSZL:16.178439 USDTHB:34.573499 USDTJS:12.494376 USDTMT:3.5 USDTND:3.05803 USDTOP:2.33305 USDTRY:15.20343 USDTTD:6.779533 USDTWD:29.689299 USDTZS:2324.999467 USDUAH:30.212488 USDUGX:3575.558681 USDUSD:1 USDUYU:41.453839 USDUZS:11102.104989 USDVEF:2.1383022233807285e+11 USDVND:22940 USDVUV:112.581651 USDWST:2.585442 USDXAF:621.274359 USDXAG:0.045591 USDXAU:0.000538 USDXCD:2.70255 USDXDR:0.744631 USDXOF:621.268475 USDXPF:113.291655 USDYER:250.249469 USDZAR:16.1342 USDZMK:9001.198233 USDZMW:17.003698 USDZWL:321.999592]}
[GIN-debug] POST   /v1/currency/live         --> go-currency/http.getCurrencyLive (4 handlers)
[GIN-debug] [WARNING] You trusted all proxies, this is NOT safe. We recommend you to set a value.
Please check https://pkg.go.dev/github.com/gin-gonic/gin#readme-don-t-trust-all-proxies for details.
[GIN-debug] Environment variable PORT is undefined. Using port :8080 by default
[GIN-debug] Listening and serving HTTP on :8080
1652170776 1652170776
[GIN] 2022/05/10 - 16:39:21 | 200 |     741.897µs |             ::1 | POST     "/v1/currency/live"
&{true https://currencylayer.com/terms https://currencylayer.com/privacy 1652170323 USD map[USDAED:3.673035 USDAFN:86.045642 USDALL:114.138233 USDAMD:462.92271 USDANG:1.800014 USDAOA:402.993499 USDARS:116.754992 USDAUD:1.439222 USDAWG:1.7955 USDAZN:1.703045 USDBAM:1.852366 USDBBD:2.016603 USDBDT:86.614923 USDBGN:1.852575 USDBHD:0.376964 USDBIF:2051.703644 USDBMD:1 USDBND:1.390111 USDBOB:6.856374 USDBRL:5.162897 USDBSD:0.998736 USDBTC:3.1449391e-05 USDBTN:77.381598 USDBWP:12.239907 USDBYN:3.372402 USDBYR:19600 USDBZD:2.013193 USDCAD:1.30074 USDCDF:2022.000065 USDCHF:0.99279 USDCLF:0.031485 USDCLP:868.760083 USDCNY:6.721298 USDCOP:4087.33 USDCRC:663.803106 USDCUC:1 USDCUP:26.5 USDCVE:104.433931 USDCZK:23.582901 USDDJF:177.802403 USDDKK:7.03938 USDDOP:55.21337 USDDZD:145.73104 USDEGP:18.514701 USDERN:15.000002 USDETB:51.36809 USDEUR:0.94635 USDFJD:2.18395 USDFKP:0.768642 USDGBP:0.811392 USDGEL:3.030188 USDGGP:0.768642 USDGHS:7.515568 USDGIP:0.768642 USDGMD:53.698524 USDGNF:8839.449346 USDGTQ:7.65792 USDGYD:208.896276 USDHKD:7.84957 USDHNL:24.517553 USDHRK:7.1278 USDHTG:110.862122 USDHUF:358.239733 USDIDR:14542.65 USDILS:3.43972 USDIMP:0.768642 USDINR:77.35602 USDIQD:1457.657137 USDIRR:42299.999735 USDISK:131.829879 USDJEP:0.768642 USDJMD:154.310177 USDJOD:0.709011 USDJPY:130.307018 USDKES:116.030011 USDKGS:82.101396 USDKHR:4060.426681 USDKMF:467.125004 USDKPW:900.000119 USDKRW:1276.839884 USDKWD:0.30674 USDKYD:0.832335 USDKZT:438.795467 USDLAK:12442.853287 USDLBP:1510.084436 USDLKR:359.537996 USDLRD:151.498617 USDLSL:16.158051 USDLTL:2.95274 USDLVL:0.60489 USDLYD:4.791468 USDMAD:10.01899 USDMDL:18.727547 USDMGA:4038.481756 USDMKD:58.356656 USDMMK:1849.185337 USDMNT:2994.863198 USDMOP:8.07522 USDMRO:356.999828 USDMUR:43.202165 USDMVR:15.449934 USDMWK:815.942036 USDMXN:20.36709 USDMYR:4.384001 USDMZN:63.829664 USDNAD:16.179928 USDNGN:415.302143 USDNIO:35.770471 USDNOK:9.68457 USDNPR:123.815703 USDNZD:1.58412 USDOMR:0.385005 USDPAB:0.998736 USDPEN:3.808514 USDPGK:3.519868 USDPHP:52.385497 USDPKR:187.991476 USDPLN:4.422301 USDPYG:6827.960808 USDQAR:3.64103 USDRON:4.680603 USDRSD:111.249725 USDRUB:68.591003 USDRWF:1021.220172 USDSAR:3.751059 USDSBD:8.074316 USDSCR:13.30097 USDSDG:453.500532 USDSEK:10.05524 USDSGD:1.389465 USDSHP:1.377405 USDSLL:12705.000093 USDSOS:584.000021 USDSRD:20.905499 USDSTD:20697.981008 USDSVC:8.738972 USDSYP:2512.449491 USDSZL:16.178439 USDTHB:34.573499 USDTJS:12.494376 USDTMT:3.5 USDTND:3.05803 USDTOP:2.33305 USDTRY:15.20343 USDTTD:6.779533 USDTWD:29.689299 USDTZS:2324.999467 USDUAH:30.212488 USDUGX:3575.558681 USDUSD:1 USDUYU:41.453839 USDUZS:11102.104989 USDVEF:2.1383022233807285e+11 USDVND:22940 USDVUV:112.581651 USDWST:2.585442 USDXAF:621.274359 USDXAG:0.045591 USDXAU:0.000538 USDXCD:2.70255 USDXDR:0.744631 USDXOF:621.268475 USDXPF:113.291655 USDYER:250.249469 USDZAR:16.1342 USDZMK:9001.198233 USDZMW:17.003698 USDZWL:321.999592]}
&{true https://currencylayer.com/terms https://currencylayer.com/privacy 1652170323 USD map[USDAED:3.673035 USDAFN:86.045642 USDALL:114.138233 USDAMD:462.92271 USDANG:1.800014 USDAOA:402.993499 USDARS:116.754992 USDAUD:1.439222 USDAWG:1.7955 USDAZN:1.703045 USDBAM:1.852366 USDBBD:2.016603 USDBDT:86.614923 USDBGN:1.852575 USDBHD:0.376964 USDBIF:2051.703644 USDBMD:1 USDBND:1.390111 USDBOB:6.856374 USDBRL:5.162897 USDBSD:0.998736 USDBTC:3.1449391e-05 USDBTN:77.381598 USDBWP:12.239907 USDBYN:3.372402 USDBYR:19600 USDBZD:2.013193 USDCAD:1.30074 USDCDF:2022.000065 USDCHF:0.99279 USDCLF:0.031485 USDCLP:868.760083 USDCNY:6.721298 USDCOP:4087.33 USDCRC:663.803106 USDCUC:1 USDCUP:26.5 USDCVE:104.433931 USDCZK:23.582901 USDDJF:177.802403 USDDKK:7.03938 USDDOP:55.21337 USDDZD:145.73104 USDEGP:18.514701 USDERN:15.000002 USDETB:51.36809 USDEUR:0.94635 USDFJD:2.18395 USDFKP:0.768642 USDGBP:0.811392 USDGEL:3.030188 USDGGP:0.768642 USDGHS:7.515568 USDGIP:0.768642 USDGMD:53.698524 USDGNF:8839.449346 USDGTQ:7.65792 USDGYD:208.896276 USDHKD:7.84957 USDHNL:24.517553 USDHRK:7.1278 USDHTG:110.862122 USDHUF:358.239733 USDIDR:14542.65 USDILS:3.43972 USDIMP:0.768642 USDINR:77.35602 USDIQD:1457.657137 USDIRR:42299.999735 USDISK:131.829879 USDJEP:0.768642 USDJMD:154.310177 USDJOD:0.709011 USDJPY:130.307018 USDKES:116.030011 USDKGS:82.101396 USDKHR:4060.426681 USDKMF:467.125004 USDKPW:900.000119 USDKRW:1276.839884 USDKWD:0.30674 USDKYD:0.832335 USDKZT:438.795467 USDLAK:12442.853287 USDLBP:1510.084436 USDLKR:359.537996 USDLRD:151.498617 USDLSL:16.158051 USDLTL:2.95274 USDLVL:0.60489 USDLYD:4.791468 USDMAD:10.01899 USDMDL:18.727547 USDMGA:4038.481756 USDMKD:58.356656 USDMMK:1849.185337 USDMNT:2994.863198 USDMOP:8.07522 USDMRO:356.999828 USDMUR:43.202165 USDMVR:15.449934 USDMWK:815.942036 USDMXN:20.36709 USDMYR:4.384001 USDMZN:63.829664 USDNAD:16.179928 USDNGN:415.302143 USDNIO:35.770471 USDNOK:9.68457 USDNPR:123.815703 USDNZD:1.58412 USDOMR:0.385005 USDPAB:0.998736 USDPEN:3.808514 USDPGK:3.519868 USDPHP:52.385497 USDPKR:187.991476 USDPLN:4.422301 USDPYG:6827.960808 USDQAR:3.64103 USDRON:4.680603 USDRSD:111.249725 USDRUB:68.591003 USDRWF:1021.220172 USDSAR:3.751059 USDSBD:8.074316 USDSCR:13.30097 USDSDG:453.500532 USDSEK:10.05524 USDSGD:1.389465 USDSHP:1.377405 USDSLL:12705.000093 USDSOS:584.000021 USDSRD:20.905499 USDSTD:20697.981008 USDSVC:8.738972 USDSYP:2512.449491 USDSZL:16.178439 USDTHB:34.573499 USDTJS:12.494376 USDTMT:3.5 USDTND:3.05803 USDTOP:2.33305 USDTRY:15.20343 USDTTD:6.779533 USDTWD:29.689299 USDTZS:2324.999467 USDUAH:30.212488 USDUGX:3575.558681 USDUSD:1 USDUYU:41.453839 USDUZS:11102.104989 USDVEF:2.1383022233807285e+11 USDVND:22940 USDVUV:112.581651 USDWST:2.585442 USDXAF:621.274359 USDXAG:0.045591 USDXAU:0.000538 USDXCD:2.70255 USDXDR:0.744631 USDXOF:621.268475 USDXPF:113.291655 USDYER:250.249469 USDZAR:16.1342 USDZMK:9001.198233 USDZMW:17.003698 USDZWL:321.999592]}
&{true https://currencylayer.com/terms https://currencylayer.com/privacy 1652170323 USD map[USDAED:3.673035 USDAFN:86.045642 USDALL:114.138233 USDAMD:462.92271 USDANG:1.800014 USDAOA:402.993499 USDARS:116.754992 USDAUD:1.439222 USDAWG:1.7955 USDAZN:1.703045 USDBAM:1.852366 USDBBD:2.016603 USDBDT:86.614923 USDBGN:1.852575 USDBHD:0.376964 USDBIF:2051.703644 USDBMD:1 USDBND:1.390111 USDBOB:6.856374 USDBRL:5.162897 USDBSD:0.998736 USDBTC:3.1449391e-05 USDBTN:77.381598 USDBWP:12.239907 USDBYN:3.372402 USDBYR:19600 USDBZD:2.013193 USDCAD:1.30074 USDCDF:2022.000065 USDCHF:0.99279 USDCLF:0.031485 USDCLP:868.760083 USDCNY:6.721298 USDCOP:4087.33 USDCRC:663.803106 USDCUC:1 USDCUP:26.5 USDCVE:104.433931 USDCZK:23.582901 USDDJF:177.802403 USDDKK:7.03938 USDDOP:55.21337 USDDZD:145.73104 USDEGP:18.514701 USDERN:15.000002 USDETB:51.36809 USDEUR:0.94635 USDFJD:2.18395 USDFKP:0.768642 USDGBP:0.811392 USDGEL:3.030188 USDGGP:0.768642 USDGHS:7.515568 USDGIP:0.768642 USDGMD:53.698524 USDGNF:8839.449346 USDGTQ:7.65792 USDGYD:208.896276 USDHKD:7.84957 USDHNL:24.517553 USDHRK:7.1278 USDHTG:110.862122 USDHUF:358.239733 USDIDR:14542.65 USDILS:3.43972 USDIMP:0.768642 USDINR:77.35602 USDIQD:1457.657137 USDIRR:42299.999735 USDISK:131.829879 USDJEP:0.768642 USDJMD:154.310177 USDJOD:0.709011 USDJPY:130.307018 USDKES:116.030011 USDKGS:82.101396 USDKHR:4060.426681 USDKMF:467.125004 USDKPW:900.000119 USDKRW:1276.839884 USDKWD:0.30674 USDKYD:0.832335 USDKZT:438.795467 USDLAK:12442.853287 USDLBP:1510.084436 USDLKR:359.537996 USDLRD:151.498617 USDLSL:16.158051 USDLTL:2.95274 USDLVL:0.60489 USDLYD:4.791468 USDMAD:10.01899 USDMDL:18.727547 USDMGA:4038.481756 USDMKD:58.356656 USDMMK:1849.185337 USDMNT:2994.863198 USDMOP:8.07522 USDMRO:356.999828 USDMUR:43.202165 USDMVR:15.449934 USDMWK:815.942036 USDMXN:20.36709 USDMYR:4.384001 USDMZN:63.829664 USDNAD:16.179928 USDNGN:415.302143 USDNIO:35.770471 USDNOK:9.68457 USDNPR:123.815703 USDNZD:1.58412 USDOMR:0.385005 USDPAB:0.998736 USDPEN:3.808514 USDPGK:3.519868 USDPHP:52.385497 USDPKR:187.991476 USDPLN:4.422301 USDPYG:6827.960808 USDQAR:3.64103 USDRON:4.680603 USDRSD:111.249725 USDRUB:68.591003 USDRWF:1021.220172 USDSAR:3.751059 USDSBD:8.074316 USDSCR:13.30097 USDSDG:453.500532 USDSEK:10.05524 USDSGD:1.389465 USDSHP:1.377405 USDSLL:12705.000093 USDSOS:584.000021 USDSRD:20.905499 USDSTD:20697.981008 USDSVC:8.738972 USDSYP:2512.449491 USDSZL:16.178439 USDTHB:34.573499 USDTJS:12.494376 USDTMT:3.5 USDTND:3.05803 USDTOP:2.33305 USDTRY:15.20343 USDTTD:6.779533 USDTWD:29.689299 USDTZS:2324.999467 USDUAH:30.212488 USDUGX:3575.558681 USDUSD:1 USDUYU:41.453839 USDUZS:11102.104989 USDVEF:2.1383022233807285e+11 USDVND:22940 USDVUV:112.581651 USDWST:2.585442 USDXAF:621.274359 USDXAG:0.045591 USDXAU:0.000538 USDXCD:2.70255 USDXDR:0.744631 USDXOF:621.268475 USDXPF:113.291655 USDYER:250.249469 USDZAR:16.1342 USDZMK:9001.198233 USDZMW:17.003698 USDZWL:321.999592]}
&{true https://currencylayer.com/terms https://currencylayer.com/privacy 1652170323 USD map[USDAED:3.673035 USDAFN:86.045642 USDALL:114.138233 USDAMD:462.92271 USDANG:1.800014 USDAOA:402.993499 USDARS:116.754992 USDAUD:1.439222 USDAWG:1.7955 USDAZN:1.703045 USDBAM:1.852366 USDBBD:2.016603 USDBDT:86.614923 USDBGN:1.852575 USDBHD:0.376964 USDBIF:2051.703644 USDBMD:1 USDBND:1.390111 USDBOB:6.856374 USDBRL:5.162897 USDBSD:0.998736 USDBTC:3.1449391e-05 USDBTN:77.381598 USDBWP:12.239907 USDBYN:3.372402 USDBYR:19600 USDBZD:2.013193 USDCAD:1.30074 USDCDF:2022.000065 USDCHF:0.99279 USDCLF:0.031485 USDCLP:868.760083 USDCNY:6.721298 USDCOP:4087.33 USDCRC:663.803106 USDCUC:1 USDCUP:26.5 USDCVE:104.433931 USDCZK:23.582901 USDDJF:177.802403 USDDKK:7.03938 USDDOP:55.21337 USDDZD:145.73104 USDEGP:18.514701 USDERN:15.000002 USDETB:51.36809 USDEUR:0.94635 USDFJD:2.18395 USDFKP:0.768642 USDGBP:0.811392 USDGEL:3.030188 USDGGP:0.768642 USDGHS:7.515568 USDGIP:0.768642 USDGMD:53.698524 USDGNF:8839.449346 USDGTQ:7.65792 USDGYD:208.896276 USDHKD:7.84957 USDHNL:24.517553 USDHRK:7.1278 USDHTG:110.862122 USDHUF:358.239733 USDIDR:14542.65 USDILS:3.43972 USDIMP:0.768642 USDINR:77.35602 USDIQD:1457.657137 USDIRR:42299.999735 USDISK:131.829879 USDJEP:0.768642 USDJMD:154.310177 USDJOD:0.709011 USDJPY:130.307018 USDKES:116.030011 USDKGS:82.101396 USDKHR:4060.426681 USDKMF:467.125004 USDKPW:900.000119 USDKRW:1276.839884 USDKWD:0.30674 USDKYD:0.832335 USDKZT:438.795467 USDLAK:12442.853287 USDLBP:1510.084436 USDLKR:359.537996 USDLRD:151.498617 USDLSL:16.158051 USDLTL:2.95274 USDLVL:0.60489 USDLYD:4.791468 USDMAD:10.01899 USDMDL:18.727547 USDMGA:4038.481756 USDMKD:58.356656 USDMMK:1849.185337 USDMNT:2994.863198 USDMOP:8.07522 USDMRO:356.999828 USDMUR:43.202165 USDMVR:15.449934 USDMWK:815.942036 USDMXN:20.36709 USDMYR:4.384001 USDMZN:63.829664 USDNAD:16.179928 USDNGN:415.302143 USDNIO:35.770471 USDNOK:9.68457 USDNPR:123.815703 USDNZD:1.58412 USDOMR:0.385005 USDPAB:0.998736 USDPEN:3.808514 USDPGK:3.519868 USDPHP:52.385497 USDPKR:187.991476 USDPLN:4.422301 USDPYG:6827.960808 USDQAR:3.64103 USDRON:4.680603 USDRSD:111.249725 USDRUB:68.591003 USDRWF:1021.220172 USDSAR:3.751059 USDSBD:8.074316 USDSCR:13.30097 USDSDG:453.500532 USDSEK:10.05524 USDSGD:1.389465 USDSHP:1.377405 USDSLL:12705.000093 USDSOS:584.000021 USDSRD:20.905499 USDSTD:20697.981008 USDSVC:8.738972 USDSYP:2512.449491 USDSZL:16.178439 USDTHB:34.573499 USDTJS:12.494376 USDTMT:3.5 USDTND:3.05803 USDTOP:2.33305 USDTRY:15.20343 USDTTD:6.779533 USDTWD:29.689299 USDTZS:2324.999467 USDUAH:30.212488 USDUGX:3575.558681 USDUSD:1 USDUYU:41.453839 USDUZS:11102.104989 USDVEF:2.1383022233807285e+11 USDVND:22940 USDVUV:112.581651 USDWST:2.585442 USDXAF:621.274359 USDXAG:0.045591 USDXAU:0.000538 USDXCD:2.70255 USDXDR:0.744631 USDXOF:621.268475 USDXPF:113.291655 USDYER:250.249469 USDZAR:16.1342 USDZMK:9001.198233 USDZMW:17.003698 USDZWL:321.999592]}
&{true https://currencylayer.com/terms https://currencylayer.com/privacy 1652170323 USD map[USDAED:3.673035 USDAFN:86.045642 USDALL:114.138233 USDAMD:462.92271 USDANG:1.800014 USDAOA:402.993499 USDARS:116.754992 USDAUD:1.439222 USDAWG:1.7955 USDAZN:1.703045 USDBAM:1.852366 USDBBD:2.016603 USDBDT:86.614923 USDBGN:1.852575 USDBHD:0.376964 USDBIF:2051.703644 USDBMD:1 USDBND:1.390111 USDBOB:6.856374 USDBRL:5.162897 USDBSD:0.998736 USDBTC:3.1449391e-05 USDBTN:77.381598 USDBWP:12.239907 USDBYN:3.372402 USDBYR:19600 USDBZD:2.013193 USDCAD:1.30074 USDCDF:2022.000065 USDCHF:0.99279 USDCLF:0.031485 USDCLP:868.760083 USDCNY:6.721298 USDCOP:4087.33 USDCRC:663.803106 USDCUC:1 USDCUP:26.5 USDCVE:104.433931 USDCZK:23.582901 USDDJF:177.802403 USDDKK:7.03938 USDDOP:55.21337 USDDZD:145.73104 USDEGP:18.514701 USDERN:15.000002 USDETB:51.36809 USDEUR:0.94635 USDFJD:2.18395 USDFKP:0.768642 USDGBP:0.811392 USDGEL:3.030188 USDGGP:0.768642 USDGHS:7.515568 USDGIP:0.768642 USDGMD:53.698524 USDGNF:8839.449346 USDGTQ:7.65792 USDGYD:208.896276 USDHKD:7.84957 USDHNL:24.517553 USDHRK:7.1278 USDHTG:110.862122 USDHUF:358.239733 USDIDR:14542.65 USDILS:3.43972 USDIMP:0.768642 USDINR:77.35602 USDIQD:1457.657137 USDIRR:42299.999735 USDISK:131.829879 USDJEP:0.768642 USDJMD:154.310177 USDJOD:0.709011 USDJPY:130.307018 USDKES:116.030011 USDKGS:82.101396 USDKHR:4060.426681 USDKMF:467.125004 USDKPW:900.000119 USDKRW:1276.839884 USDKWD:0.30674 USDKYD:0.832335 USDKZT:438.795467 USDLAK:12442.853287 USDLBP:1510.084436 USDLKR:359.537996 USDLRD:151.498617 USDLSL:16.158051 USDLTL:2.95274 USDLVL:0.60489 USDLYD:4.791468 USDMAD:10.01899 USDMDL:18.727547 USDMGA:4038.481756 USDMKD:58.356656 USDMMK:1849.185337 USDMNT:2994.863198 USDMOP:8.07522 USDMRO:356.999828 USDMUR:43.202165 USDMVR:15.449934 USDMWK:815.942036 USDMXN:20.36709 USDMYR:4.384001 USDMZN:63.829664 USDNAD:16.179928 USDNGN:415.302143 USDNIO:35.770471 USDNOK:9.68457 USDNPR:123.815703 USDNZD:1.58412 USDOMR:0.385005 USDPAB:0.998736 USDPEN:3.808514 USDPGK:3.519868 USDPHP:52.385497 USDPKR:187.991476 USDPLN:4.422301 USDPYG:6827.960808 USDQAR:3.64103 USDRON:4.680603 USDRSD:111.249725 USDRUB:68.591003 USDRWF:1021.220172 USDSAR:3.751059 USDSBD:8.074316 USDSCR:13.30097 USDSDG:453.500532 USDSEK:10.05524 USDSGD:1.389465 USDSHP:1.377405 USDSLL:12705.000093 USDSOS:584.000021 USDSRD:20.905499 USDSTD:20697.981008 USDSVC:8.738972 USDSYP:2512.449491 USDSZL:16.178439 USDTHB:34.573499 USDTJS:12.494376 USDTMT:3.5 USDTND:3.05803 USDTOP:2.33305 USDTRY:15.20343 USDTTD:6.779533 USDTWD:29.689299 USDTZS:2324.999467 USDUAH:30.212488 USDUGX:3575.558681 USDUSD:1 USDUYU:41.453839 USDUZS:11102.104989 USDVEF:2.1383022233807285e+11 USDVND:22940 USDVUV:112.581651 USDWST:2.585442 USDXAF:621.274359 USDXAG:0.045591 USDXAU:0.000538 USDXCD:2.70255 USDXDR:0.744631 USDXOF:621.268475 USDXPF:113.291655 USDYER:250.249469 USDZAR:16.1342 USDZMK:9001.198233 USDZMW:17.003698 USDZWL:321.999592]}
